<?xml version="1.0" encoding="UTF-8"?>
<!-- Generated by org.testng.reporters.JUnitReportReporter -->
<testsuite hostname="LAPTOP-PKJ405JJ" failures="0" tests="1" name="KavitaChonkar.Appium.dragAndDrop" time="3.715" errors="0" timestamp="2022-07-25T17:13:39 IST" skipped="0">
  <testcase classname="KavitaChonkar.Appium.dragAndDrop" name="drabAndDropDemo" time="3.715"/>
  <system-out/>
</testsuite> <!-- KavitaChonkar.Appium.dragAndDrop -->
