<?xml version="1.0" encoding="UTF-8"?>
<!-- Generated by org.testng.reporters.JUnitReportReporter -->
<testsuite hostname="LAPTOP-PKJ405JJ" failures="0" tests="1" name="KavitaChonkar.Appium.Misc" time="10.927" errors="0" timestamp="2022-07-26T16:49:44 IST" skipped="0">
  <testcase classname="KavitaChonkar.Appium.Misc" name="miscDemo" time="10.927"/>
  <system-out/>
</testsuite> <!-- KavitaChonkar.Appium.Misc -->
