<?xml version="1.0" encoding="UTF-8"?>
<!-- Generated by org.testng.reporters.JUnitReportReporter -->
<testsuite hostname="LAPTOP-PKJ405JJ" failures="0" tests="1" name="KavitaChonkar.Appium.AppiumBasic" time="15.530" errors="0" timestamp="2022-07-26T17:19:01 IST" skipped="0">
  <testcase classname="KavitaChonkar.Appium.AppiumBasic" name="Misc2Test" time="15.530"/>
  <system-out/>
</testsuite> <!-- KavitaChonkar.Appium.AppiumBasic -->
