<?xml version="1.0" encoding="UTF-8"?>
<!-- Generated by org.testng.reporters.JUnitReportReporter -->
<testsuite hostname="LAPTOP-PKJ405JJ" failures="0" tests="1" name="KavitaChonkar.Appium.LongPress" time="8.731" errors="0" timestamp="2022-07-25T15:39:17 IST" skipped="0">
  <testcase classname="KavitaChonkar.Appium.LongPress" name="LonPressTest" time="8.731"/>
  <system-out/>
</testsuite> <!-- KavitaChonkar.Appium.LongPress -->
