<?xml version="1.0" encoding="UTF-8"?>
<!-- Generated by org.testng.reporters.JUnitReportReporter -->
<testsuite hostname="LAPTOP-PKJ405JJ" failures="0" tests="1" name="KavitaChonkar.Appium.SwipeGesture" time="5.845" errors="0" timestamp="2022-07-25T16:55:26 IST" skipped="0">
  <testcase classname="KavitaChonkar.Appium.SwipeGesture" name="LonPressTest" time="5.845"/>
  <system-out/>
</testsuite> <!-- KavitaChonkar.Appium.SwipeGesture -->
