<?xml version="1.0" encoding="UTF-8"?>
<!-- Generated by org.testng.reporters.JUnitReportReporter -->
<testsuite hostname="LAPTOP-PKJ405JJ" failures="0" tests="1" name="KavitaChonkar.Appium.ScrollGesture" time="30.547" errors="0" timestamp="2022-07-25T16:10:23 IST" skipped="0">
  <testcase classname="KavitaChonkar.Appium.ScrollGesture" name="LonPressTest" time="30.547"/>
  <system-out/>
</testsuite> <!-- KavitaChonkar.Appium.ScrollGesture -->
